<?xml version="1.0" encoding="utf-8"?><testsuites name="pytest tests"><testsuite name="pytest" errors="0" failures="0" skipped="0" tests="13" time="17.381" timestamp="2026-07-01T20:56:40.373934+00:00" hostname="agent-env-eecd0d6f-9afe-48b4-ad02-568b5b496598"><testcase classname="tests.test_regression_iter5.TestAuthAfterCorsChange" name="test_login_demo_returns_token" time="0.493" /><testcase classname="tests.test_regression_iter5.TestAuthAfterCorsChange" name="test_me_with_bearer" time="0.699" /><testcase classname="tests.test_regression_iter5.TestPageDataLoads" name="test_catalog_loads_and_crud" time="1.692" /><testcase classname="tests.test_regression_iter5.TestAuthAfterCorsChange" name="test_protected_requires_bearer" time="0.643" /><testcase classname="tests.test_regression_iter5.TestPageDataLoads" name="test_team_loads_and_add" time="1.242" /><testcase classname="tests.test_regression_iter5.TestAuthAfterCorsChange" name="test_cors_headers_no_credentials" time="0.090" /><testcase classname="tests.test_regression_iter5.TestMilestone2Regression" name="test_whatsapp_full_flow" time="7.787" /><testcase classname="tests.test_regression_iter5.TestPageDataLoads" name="test_email_setup_loads" time="0.234" /><testcase classname="tests.test_regression_iter5.TestPageDataLoads" name="test_erp_setup_loads" time="0.152" /><testcase classname="tests.test_regression_iter5.TestPageDataLoads" name="test_learning_loads" time="0.144" /><testcase classname="tests.test_regression_iter5.TestMilestone2Regression" name="test_email_poll_gating_before_connect" time="0.583" /><testcase classname="tests.test_regression_iter5.TestPipelineRegression" name="test_extract_validate_learning_export" time="6.418" /><testcase classname="tests.test_regression_iter5.TestPipelineRegression" name="test_dashboard_stats" time="0.125" /></testsuite></testsuites>