<?xml version="1.0" encoding="utf-8"?><testsuites name="pytest tests"><testsuite name="pytest" errors="0" failures="0" skipped="0" tests="13" time="10.017" timestamp="2026-07-03T05:09:14.338128+00:00" hostname="agent-env-eecd0d6f-9afe-48b4-ad02-568b5b496598"><testcase classname="tests.test_iter13_bridge_lifecycle.TestPairingAndInitialMaturity" name="test_create_agent_starts_unpaired" time="0.697" /><testcase classname="tests.test_iter13_bridge_lifecycle.TestPairingAndInitialMaturity" name="test_pair_sets_learning_and_notifies" time="0.873" /><testcase classname="tests.test_iter13_bridge_lifecycle.TestPairingAndInitialMaturity" name="test_pairing_code_is_one_time" time="0.591" /><testcase classname="tests.test_iter13_bridge_lifecycle.TestReadinessScoring" name="test_readiness_shape_and_initial_score" time="0.141" /><testcase classname="tests.test_iter13_bridge_lifecycle.TestShadowDeliveryAndPromotion" name="test_five_shadow_acks_promote_to_ready" time="3.117" /><testcase classname="tests.test_iter13_bridge_lifecycle.TestActivationGuardAndPause" name="test_activate_and_pause_flow" time="0.455" /><testcase classname="tests.test_iter13_bridge_lifecycle.TestActivationGuardAndPause" name="test_activation_guard_blocks_when_below_threshold" time="0.599" /><testcase classname="tests.test_iter13_bridge_lifecycle.TestDurableQueueRetry" name="test_exception_ack_schedules_retry_then_fails" time="1.041" /><testcase classname="tests.test_iter13_bridge_lifecycle.TestDurableQueueRetry" name="test_poll_respects_next_attempt_at" time="0.140" /><testcase classname="tests.test_iter13_bridge_lifecycle.TestDurableQueueRetry" name="test_poll_reclaims_stuck_claimed_jobs" time="0.157" /><testcase classname="tests.test_iter13_bridge_lifecycle.TestOfflineAndWake" name="test_offline_agent_wakes_and_notifies" time="0.412" /><testcase classname="tests.test_iter13_bridge_lifecycle.TestAdapterCircuitBreaker" name="test_breaker_quarantines_and_hides_from_resolve_then_heal" time="1.338" /><testcase classname="tests.test_iter13_bridge_lifecycle.TestBridgeDiary" name="test_diary_contains_pairing_masterdata_adapter_ready" time="0.387" /></testsuite></testsuites>