<?xml version="1.0" encoding="utf-8"?><testsuites name="pytest tests"><testsuite name="pytest" errors="0" failures="0" skipped="0" tests="12" time="2.778" timestamp="2026-07-06T15:59:53.302061+00:00" hostname="agent-env-eecd0d6f-9afe-48b4-ad02-568b5b496598"><testcase classname="tests.test_iter25_ops_dashboard.TestOrdersOpsDashboard" name="test_orders_response_has_summary_and_computed_fields" time="0.522" /><testcase classname="tests.test_iter25_ops_dashboard.TestOrdersOpsDashboard" name="test_filter_bucket_amber_returns_only_amber" time="0.058" /><testcase classname="tests.test_iter25_ops_dashboard.TestOrdersOpsDashboard" name="test_filter_bucket_green_returns_only_green" time="0.079" /><testcase classname="tests.test_iter25_ops_dashboard.TestOrdersOpsDashboard" name="test_filter_bucket_red_returns_only_red" time="1.146" /><testcase classname="tests.test_iter25_ops_dashboard.TestOrdersOpsDashboard" name="test_sort_critical_orders_red_amber_green_done" time="0.053" /><testcase classname="tests.test_iter25_ops_dashboard.TestOrdersOpsDashboard" name="test_sort_recent_orders_by_created_at_desc" time="0.054" /><testcase classname="tests.test_iter25_ops_dashboard.TestOrdersOpsDashboard" name="test_default_sort_is_recent" time="0.052" /><testcase classname="tests.test_iter25_ops_dashboard.TestOrdersOpsDashboard" name="test_summary_counts_match_bucket_filter_counts" time="0.227" /><testcase classname="tests.test_iter25_ops_dashboard.TestOrdersOpsDashboard" name="test_bucket_logic_manual_verify" time="0.066" /><testcase classname="tests.test_iter25_ops_dashboard.TestOrdersOpsDashboard" name="test_bucket_combined_with_status_filter" time="0.050" /><testcase classname="tests.test_iter25_ops_dashboard.TestOrdersOpsDashboard" name="test_search_q_combines_with_bucket" time="0.054" /><testcase classname="tests.test_iter25_ops_dashboard.TestOrdersOpsDashboard" name="test_pagination_still_works" time="0.059" /></testsuite></testsuites>