<?xml version="1.0" encoding="utf-8"?><testsuites name="pytest tests"><testsuite name="pytest" errors="0" failures="0" skipped="0" tests="16" time="19.875" timestamp="2026-07-02T04:29:43.283346+00:00" hostname="agent-env-eecd0d6f-9afe-48b4-ad02-568b5b496598"><testcase classname="tests.test_iter10_notifications_erp.TestNotifications" name="test_extract_generates_notifications" time="4.308" /><testcase classname="tests.test_iter10_notifications_erp.TestNotifications" name="test_list_notifications_for_order" time="0.634" /><testcase classname="tests.test_iter10_notifications_erp.TestNotifications" name="test_counts_shape" time="0.045" /><testcase classname="tests.test_iter10_notifications_erp.TestNotifications" name="test_filters_type_and_search" time="0.083" /><testcase classname="tests.test_iter10_notifications_erp.TestNotifications" name="test_patch_assign_and_resolve" time="0.213" /><testcase classname="tests.test_iter10_notifications_erp.TestNotifications" name="test_patch_empty_body_400" time="0.042" /><testcase classname="tests.test_iter10_notifications_erp.TestErp" name="test_list_connectors_returns_six" time="0.042" /><testcase classname="tests.test_iter10_notifications_erp.TestErp" name="test_create_generic_connection_and_mask" time="0.041" /><testcase classname="tests.test_iter10_notifications_erp.TestErp" name="test_list_connections_contains_new" time="0.045" /><testcase classname="tests.test_iter10_notifications_erp.TestErp" name="test_connection_test_endpoint" time="1.509" /><testcase classname="tests.test_iter10_notifications_erp.TestErp" name="test_create_order_for_export" time="5.023" /><testcase classname="tests.test_iter10_notifications_erp.TestErp" name="test_sync_order_success_via_httpbin" time="1.552" /><testcase classname="tests.test_iter10_notifications_erp.TestErp" name="test_jobs_listing" time="0.045" /><testcase classname="tests.test_iter10_notifications_erp.TestErp" name="test_retry_on_error_job" time="0.185" /><testcase classname="tests.test_iter10_notifications_erp.TestErp" name="test_confirm_order_enqueues_export_and_resolves_notifs" time="5.888" /><testcase classname="tests.test_iter10_notifications_erp.TestErp" name="test_zzz_cleanup_delete_connection" time="0.125" /></testsuite></testsuites>