<?xml version="1.0" encoding="utf-8"?><testsuites name="pytest tests"><testsuite name="pytest" errors="0" failures="0" skipped="0" tests="9" time="3.773" timestamp="2026-07-05T14:23:48.885619+00:00" hostname="agent-env-eecd0d6f-9afe-48b4-ad02-568b5b496598"><testcase classname="tests.test_iter19_leads.TestLeadCreate" name="test_valid_submission" time="0.527" /><testcase classname="tests.test_iter19_leads.TestLeadCreate" name="test_missing_consent_rejected" time="0.095" /><testcase classname="tests.test_iter19_leads.TestLeadCreate" name="test_invalid_email_rejected" time="0.129" /><testcase classname="tests.test_iter19_leads.TestCountryDetection" name="test_cf_ipcountry_header_wins" time="0.396" /><testcase classname="tests.test_iter19_leads.TestCountryDetection" name="test_phone_prefix_fallback_it" time="0.392" /><testcase classname="tests.test_iter19_leads.TestDedupe" name="test_dedupe_idempotent_and_nondestructive" time="0.440" /><testcase classname="tests.test_iter19_leads.TestListLeadsAdmin" name="test_unauthenticated_rejected" time="0.049" /><testcase classname="tests.test_iter19_leads.TestListLeadsAdmin" name="test_admin_can_list" time="0.042" /><testcase classname="tests.test_iter19_leads.TestListLeadsAdmin" name="test_created_at_is_utc_iso_and_sorted_desc" time="1.619" /></testsuite></testsuites>