<?xml version="1.0" encoding="utf-8"?><testsuites name="pytest tests"><testsuite name="pytest" errors="0" failures="0" skipped="0" tests="13" time="141.954" timestamp="2026-07-05T14:55:32.059243+00:00" hostname="agent-env-eecd0d6f-9afe-48b4-ad02-568b5b496598"><testcase classname="tests.test_iter20_marketing" name="test_marketing_endpoints_require_auth" time="0.303" /><testcase classname="tests.test_iter20_marketing" name="test_brand_get_returns_seeded_defaults" time="0.428" /><testcase classname="tests.test_iter20_marketing" name="test_brand_put_persists_and_returns_updated" time="0.103" /><testcase classname="tests.test_iter20_marketing" name="test_generate_linkedin_draft" time="13.276" /><testcase classname="tests.test_iter20_marketing" name="test_generate_invalid_channel" time="0.048" /><testcase classname="tests.test_iter20_marketing" name="test_blog_generation_with_seo" time="38.158" /><testcase classname="tests.test_iter20_marketing" name="test_calendar_weekly_generates_balanced_items" time="15.595" /><testcase classname="tests.test_iter20_marketing" name="test_approve_schedule_publish_workflow" time="8.485" /><testcase classname="tests.test_iter20_marketing" name="test_publish_with_webhook_fires" time="20.324" /><testcase classname="tests.test_iter20_marketing" name="test_image_generation_and_media_serving" time="22.642" /><testcase classname="tests.test_iter20_marketing" name="test_recommendations_returns_ideas" time="13.563" /><testcase classname="tests.test_iter20_marketing" name="test_stats_returns_counters" time="0.055" /><testcase classname="tests.test_iter20_marketing" name="test_delete_content" time="8.824" /></testsuite></testsuites>