<?xml version="1.0" encoding="utf-8"?><testsuites name="pytest tests"><testsuite name="pytest" errors="0" failures="0" skipped="0" tests="11" time="10.158" timestamp="2026-07-04T18:11:07.019829+00:00" hostname="agent-env-eecd0d6f-9afe-48b4-ad02-568b5b496598"><testcase classname="tests.test_iter16_production.TestAuth" name="test_login_demo" time="0.658" /><testcase classname="tests.test_iter16_production.TestBridge" name="test_create_agent_returns_pairing_code" time="0.659" /><testcase classname="tests.test_iter16_production.TestAuth" name="test_login_wrong_password" time="0.268" /><testcase classname="tests.test_iter16_production.TestBridge" name="test_download_returns_zip" time="0.275" /><testcase classname="tests.test_iter16_production.TestAuth" name="test_register_new_user_and_catalog_seed" time="0.317" /><testcase classname="tests.test_iter16_production.TestBridge" name="test_download_requires_auth" time="0.271" /><testcase classname="tests.test_iter16_production.TestBridge" name="test_delete_created_agent" time="0.084" /><testcase classname="tests.test_iter16_production.TestNoDemoAutoLogin" name="test_me_requires_auth" time="0.103" /><testcase classname="tests.test_iter16_production.TestOrders" name="test_create_from_text_and_update_line" time="8.518" /><testcase classname="tests.test_iter16_production.TestNoDemoAutoLogin" name="test_orders_requires_auth" time="0.306" /><testcase classname="tests.test_iter16_production.TestNoDemoAutoLogin" name="test_customers_requires_auth" time="0.111" /></testsuite></testsuites>