<?xml version="1.0" encoding="utf-8"?><testsuites name="pytest tests"><testsuite name="pytest" errors="0" failures="0" skipped="0" tests="8" time="62.327" timestamp="2026-07-04T18:41:10.861873+00:00" hostname="agent-env-eecd0d6f-9afe-48b4-ad02-568b5b496598"><testcase classname="tests.test_iter17_ingestion_export.TestTextImport" name="test_text_whatsapp_style" time="8.100" /><testcase classname="tests.test_iter17_ingestion_export.TestPdfImport" name="test_pdf_upload" time="10.145" /><testcase classname="tests.test_iter17_ingestion_export.TestExcelImport" name="test_xlsx_upload" time="8.078" /><testcase classname="tests.test_iter17_ingestion_export.TestImageImport" name="test_png_upload" time="8.523" /><testcase classname="tests.test_iter17_ingestion_export.TestAudioImport" name="test_mp3_upload" time="11.447" /><testcase classname="tests.test_iter17_ingestion_export.TestOrderReviewPersistence" name="test_edit_line_item_persists" time="5.759" /><testcase classname="tests.test_iter17_ingestion_export.TestApproveAndExport" name="test_validate_and_export_json_csv_xlsx_pdf" time="6.084" /><testcase classname="tests.test_iter17_ingestion_export.TestApproveAndExport" name="test_export_profile_lifecycle" time="3.955" /></testsuite></testsuites>