<?xml version="1.0" encoding="utf-8"?><testsuites name="pytest tests"><testsuite name="pytest" errors="0" failures="0" skipped="0" tests="3" time="2.403" timestamp="2026-07-05T16:22:55.759526+00:00" hostname="agent-env-eecd0d6f-9afe-48b4-ad02-568b5b496598"><testcase classname="tests.test_iter21_bridge_installer.TestInstallerEndpoint" name="test_installer_windows_public_no_auth" time="0.187" /><testcase classname="tests.test_iter21_bridge_installer.TestBridgeNativeFlow" name="test_full_flow" time="1.273" /><testcase classname="tests.test_iter21_bridge_installer.TestBridgeNativeFlow" name="test_admin_deletes_agent" time="0.204" /></testsuite></testsuites>