<?xml version="1.0" encoding="utf-8"?><testsuites name="pytest tests"><testsuite name="pytest" errors="0" failures="0" skipped="1" tests="10" time="6.968" timestamp="2026-07-05T16:45:15.890836+00:00" hostname="agent-env-eecd0d6f-9afe-48b4-ad02-568b5b496598"><testcase classname="tests.test_iter22_bridge_catalog_onboarding.TestBridgeAgentCreate" name="test_create_returns_pairing_code_and_status" time="0.724" /><testcase classname="tests.test_iter22_bridge_catalog_onboarding.TestBridgeSendInstructions" name="test_invalid_email_returns_400" time="0.944" /><testcase classname="tests.test_iter22_bridge_catalog_onboarding.TestCatalogImportText" name="test_import_text_returns_products_with_flags" time="5.762" /><testcase classname="tests.test_iter22_bridge_catalog_onboarding.TestBridgeSendInstructions" name="test_valid_email_ok_or_config_400" time="0.344"><skipped type="pytest.skip" message="Resend 502 (integration): &lt;!DOCTYPE html&gt;&#10;&lt;!--[if lt IE 7]&gt; &lt;html class=&quot;no-js ie6 oldie&quot; lang=&quot;en-US&quot;&gt; &lt;![endif]--&gt;&#10;&lt;!--[if IE 7]&gt;    &lt;html class=&quot;no-js ie7 oldie&quot; lang=&quot;en-US&quot;&gt; &lt;![endif]--&gt;&#10;&lt;!--[if IE 8]&gt;    &lt;html class=&quot;no-">/app/backend/tests/test_iter22_bridge_catalog_onboarding.py:131: Resend 502 (integration): &lt;!DOCTYPE html&gt;
&lt;!--[if lt IE 7]&gt; &lt;html class="no-js ie6 oldie" lang="en-US"&gt; &lt;![endif]--&gt;
&lt;!--[if IE 7]&gt;    &lt;html class="no-js ie7 oldie" lang="en-US"&gt; &lt;![endif]--&gt;
&lt;!--[if IE 8]&gt;    &lt;html class="no-</skipped></testcase><testcase classname="tests.test_iter22_bridge_catalog_onboarding.TestBridgeRegenerate" name="test_regenerate_returns_new_code" time="0.134" /><testcase classname="tests.test_iter22_bridge_catalog_onboarding.TestCatalogStatus" name="test_status_returns_valid_shape" time="0.047" /><testcase classname="tests.test_iter22_bridge_catalog_onboarding.TestCatalogConfirm" name="test_add_inserts_new_then_skips_existing" time="0.265" /><testcase classname="tests.test_iter22_bridge_catalog_onboarding.TestCatalogDraft" name="test_put_get_delete_draft" time="0.217" /><testcase classname="tests.test_iter22_bridge_catalog_onboarding.TestCatalogImportsHistory" name="test_history_after_confirm" time="0.173" /><testcase classname="tests.test_iter22_bridge_catalog_onboarding.TestCatalogTemplate" name="test_template_returns_xlsx" time="0.102" /></testsuite></testsuites>