<?xml version="1.0" encoding="utf-8"?><testsuites name="pytest tests"><testsuite name="pytest" errors="0" failures="0" skipped="0" tests="4" time="14.603" timestamp="2026-07-05T07:14:57.247268+00:00" hostname="agent-env-eecd0d6f-9afe-48b4-ad02-568b5b496598"><testcase classname="tests.test_iter18_catalog_sync_ocr.TestCatalogSync" name="test_sync_status_initial_shape" time="0.463" /><testcase classname="tests.test_iter18_catalog_sync_ocr.TestCatalogSync" name="test_master_data_conservative_merge" time="0.375" /><testcase classname="tests.test_iter18_catalog_sync_ocr.TestCatalogSync" name="test_autosync_toggle_and_disabled_push" time="0.270" /><testcase classname="tests.test_iter18_catalog_sync_ocr.TestOCRScannedPDF" name="test_scanned_pdf_extract_and_poll" time="13.418" /></testsuite></testsuites>