<?xml version="1.0" encoding="utf-8"?><testsuites name="pytest tests"><testsuite name="pytest" errors="0" failures="0" skipped="0" tests="9" time="10.719" timestamp="2026-07-05T17:11:44.193793+00:00" hostname="agent-env-eecd0d6f-9afe-48b4-ad02-568b5b496598"><testcase classname="tests.test_iter23_onboarding_e2e.TestE2EOnboarding" name="test_01_initial_status_5_steps_all_pending" time="0.384" /><testcase classname="tests.test_iter23_onboarding_e2e.TestE2EOnboarding" name="test_02_skip_required_step_returns_400" time="0.041" /><testcase classname="tests.test_iter23_onboarding_e2e.TestE2EOnboarding" name="test_03_profile_update_marks_profile_done" time="0.166" /><testcase classname="tests.test_iter23_onboarding_e2e.TestE2EOnboarding" name="test_04_catalog_import_marks_catalog_done" time="0.095" /><testcase classname="tests.test_iter23_onboarding_e2e.TestE2EOnboarding" name="test_05_bridge_simulated_pairing_marks_bridge_done" time="0.186" /><testcase classname="tests.test_iter23_onboarding_e2e.TestE2EOnboarding" name="test_06_skip_whatsapp_marks_skipped" time="0.076" /><testcase classname="tests.test_iter23_onboarding_e2e.TestE2EOnboarding" name="test_07_first_order_marks_first_order_done" time="9.497" /><testcase classname="tests.test_iter23_onboarding_e2e.TestE2EOnboarding" name="test_08_all_required_done_and_all_done" time="0.044" /><testcase classname="tests.test_iter23_onboarding_e2e.TestE2EOnboarding" name="test_09_dismiss_persists" time="0.133" /></testsuite></testsuites>