<?xml version="1.0" encoding="utf-8"?><testsuites name="pytest tests"><testsuite name="pytest" errors="0" failures="0" skipped="0" tests="8" time="22.551" timestamp="2026-07-02T04:00:49.671564+00:00" hostname="agent-env-eecd0d6f-9afe-48b4-ad02-568b5b496598"><testcase classname="tests.test_iter9_automations_email.TestAutomationsRouting" name="test_defaults_readable" time="0.461" /><testcase classname="tests.test_iter9_automations_email.TestAutomationsRouting" name="test_put_get_routing_settings" time="0.197" /><testcase classname="tests.test_iter9_automations_email.TestAutomationsRouting" name="test_routing_assigns_new_needs_review_order" time="4.009" /><testcase classname="tests.test_iter9_automations_email.TestAutoConfirm" name="test_auto_confirm_clean_order" time="8.353" /><testcase classname="tests.test_iter9_automations_email.TestAutoConfirm" name="test_no_auto_confirm_when_disabled" time="8.579" /><testcase classname="tests.test_iter9_automations_email.TestEmailSend" name="test_send_confirmation_email" time="0.363" /><testcase classname="tests.test_iter9_automations_email.TestEmailSend" name="test_send_clarification_email" time="0.260" /><testcase classname="tests.test_iter9_automations_email.TestManualAssignment" name="test_put_order_assigned_to" time="0.251" /></testsuite></testsuites>