<?xml version="1.0" encoding="utf-8"?><testsuites name="pytest tests"><testsuite name="pytest" errors="0" failures="0" skipped="0" tests="18" time="12.687" timestamp="2026-07-02T03:18:15.634164+00:00" hostname="agent-env-eecd0d6f-9afe-48b4-ad02-568b5b496598"><testcase classname="tests.test_p0_lifecycle.TestExport" name="test_export_csv" time="9.828" /><testcase classname="tests.test_p0_lifecycle.TestExport" name="test_export_json" time="0.118" /><testcase classname="tests.test_p0_lifecycle.TestExport" name="test_export_excel" time="0.346" /><testcase classname="tests.test_p0_lifecycle.TestExport" name="test_export_pdf" time="0.108" /><testcase classname="tests.test_p0_lifecycle.TestExport" name="test_export_sets_status_and_history" time="0.096" /><testcase classname="tests.test_p0_lifecycle.TestCommandCenter" name="test_command_center_shape" time="0.128" /><testcase classname="tests.test_p0_lifecycle.TestCommandCenter" name="test_command_center_recent_customer_populated" time="0.102" /><testcase classname="tests.test_p0_lifecycle.TestCommandCenter" name="test_command_center_no_id_leak" time="0.109" /><testcase classname="tests.test_p0_lifecycle.TestCommandCenter" name="test_command_center_demo_has_real_data" time="0.431" /><testcase classname="tests.test_p0_lifecycle.TestUpdate" name="test_update_customer_and_delivery" time="0.197" /><testcase classname="tests.test_p0_lifecycle.TestExtractAndGet" name="test_extract_creates_order" time="11.470" /><testcase classname="tests.test_p0_lifecycle.TestExtractAndGet" name="test_extract_has_history_entry" time="0.000" /><testcase classname="tests.test_p0_lifecycle.TestUpdate" name="test_update_pushes_history" time="0.097" /><testcase classname="tests.test_p0_lifecycle.TestExtractAndGet" name="test_get_order" time="0.092" /><testcase classname="tests.test_p0_lifecycle.TestExtractAndGet" name="test_get_order_not_found" time="0.098" /><testcase classname="tests.test_p0_lifecycle.TestValidate" name="test_validate_sets_status" time="0.195" /><testcase classname="tests.test_p0_lifecycle.TestLineItemEdit" name="test_edit_line_item_via_put" time="0.353" /><testcase classname="tests.test_p0_lifecycle.TestOrdersList" name="test_orders_list_returns" time="0.097" /></testsuite></testsuites>