<?xml version="1.0" encoding="utf-8"?><testsuites name="pytest tests"><testsuite name="pytest" errors="0" failures="0" skipped="0" tests="12" time="10.001" timestamp="2026-07-01T20:39:41.929594+00:00" hostname="agent-env-eecd0d6f-9afe-48b4-ad02-568b5b496598"><testcase classname="tests.test_milestone2_channels.TestEmailPollGating" name="test_poll_before_connect_returns_400" time="0.804" /><testcase classname="tests.test_milestone2_channels.TestEmailPollGating" name="test_forwarding_provider_poll_no_op" time="0.369" /><testcase classname="tests.test_milestone2_channels.TestWhatsAppWebhookReceive" name="test_receive_text_creates_order" time="6.031" /><testcase classname="tests.test_milestone2_channels.TestEmailPollGating" name="test_imap_fake_creds_graceful" time="0.403" /><testcase classname="tests.test_milestone2_channels.TestPipelineRegression" name="test_extract_text_still_creates_order" time="3.951" /><testcase classname="tests.test_milestone2_channels.TestPipelineRegression" name="test_validate_grows_learning" time="0.144" /><testcase classname="tests.test_milestone2_channels.TestPipelineRegression" name="test_learned_phrase_auto_match_next_extract" time="3.456" /><testcase classname="tests.test_milestone2_channels.TestWhatsAppWebhookReceive" name="test_receive_same_message_idempotent" time="0.246" /><testcase classname="tests.test_milestone2_channels.TestWhatsAppWebhookReceive" name="test_receive_image_graceful_media_failure" time="0.359" /><testcase classname="tests.test_milestone2_channels.TestChannelIsolation" name="test_company_b_does_not_see_company_a_whatsapp_orders" time="0.530" /><testcase classname="tests.test_milestone2_channels.TestWhatsAppWebhookVerify" name="test_verify_success" time="0.210" /><testcase classname="tests.test_milestone2_channels.TestWhatsAppWebhookVerify" name="test_verify_wrong_token_forbidden" time="0.098" /></testsuite></testsuites>