<?xml version="1.0" encoding="utf-8"?><testsuites name="pytest tests"><testsuite name="pytest" errors="0" failures="2" skipped="0" tests="21" time="6.059" timestamp="2026-07-01T19:25:37.985823+00:00" hostname="agent-env-eecd0d6f-9afe-48b4-ad02-568b5b496598"><testcase classname="tests.test_setup_integrations.TestWhatsApp" name="test_save_masks_token" time="0.828" /><testcase classname="tests.test_setup_integrations.TestTeam" name="test_list_team" time="0.879" /><testcase classname="tests.test_setup_integrations.TestWhatsApp" name="test_list_masked" time="0.125" /><testcase classname="tests.test_setup_integrations.TestTeam" name="test_create_member" time="0.348" /><testcase classname="tests.test_setup_integrations.TestWhatsApp" name="test_validate_fails_gracefully" time="0.876" /><testcase classname="tests.test_setup_integrations.TestTeam" name="test_update_role" time="0.109" /><testcase classname="tests.test_setup_integrations.TestTeam" name="test_invalid_role_rejected" time="0.151" /><testcase classname="tests.test_setup_integrations.TestWhatsApp" name="test_delete_account" time="0.111" /><testcase classname="tests.test_setup_integrations.TestTeam" name="test_non_privileged_cannot_create" time="0.537" /><testcase classname="tests.test_setup_integrations.TestEmail" name="test_get_returns_forwarding_address" time="0.202" /><testcase classname="tests.test_setup_integrations.TestTeam" name="test_delete_member" time="0.214" /><testcase classname="tests.test_setup_integrations.TestEmail" name="test_save_and_validate_forwarding" time="0.205" /><testcase classname="tests.test_setup_integrations.TestTeam" name="test_cannot_delete_self" time="0.255" /><testcase classname="tests.test_setup_integrations.TestEmail" name="test_imap_invalid_creds_fails_gracefully" time="0.359" /><testcase classname="tests.test_setup_integrations.TestERP" name="test_save_and_test_with_httpbin" time="0.152"><failure message="assert 500 == 200&#10; +  where 500 = &lt;Response [500]&gt;.status_code">backend/tests/test_setup_integrations.py:204: in test_save_and_test_with_httpbin
    assert r.status_code == 200
E   assert 500 == 200
E    +  where 500 = &lt;Response [500]&gt;.status_code</failure></testcase><testcase classname="tests.test_setup_integrations.TestERP" name="test_bad_endpoint_fails_gracefully" time="2.147"><failure message="assert 200 in (400, 502)&#10; +  where 200 = &lt;Response [200]&gt;.status_code">backend/tests/test_setup_integrations.py:218: in test_bad_endpoint_fails_gracefully
    assert r.status_code in (400, 502)
E   assert 200 in (400, 502)
E    +  where 200 = &lt;Response [200]&gt;.status_code</failure></testcase><testcase classname="tests.test_setup_integrations.TestCompany" name="test_get_company" time="0.111" /><testcase classname="tests.test_setup_integrations.TestCompany" name="test_update_company_persists" time="0.201" /><testcase classname="tests.test_setup_integrations.TestIsolation" name="test_other_company_cannot_see_demo_integrations" time="0.668" /><testcase classname="tests.test_setup_integrations.TestERP" name="test_push_erp_uses_connected_endpoint" time="0.377" /><testcase classname="tests.test_setup_integrations.TestOverview" name="test_integrations_overview" time="0.164" /></testsuite></testsuites>