<?xml version="1.0" encoding="utf-8"?><testsuites name="pytest tests"><testsuite name="pytest" errors="0" failures="0" skipped="0" tests="16" time="28.667" timestamp="2026-07-01T18:51:51.105343+00:00" hostname="agent-env-eecd0d6f-9afe-48b4-ad02-568b5b496598"><testcase classname="tests.backend_test.TestAuth" name="test_register_seeds_catalog" time="0.751" /><testcase classname="tests.backend_test.TestAuth" name="test_login_demo_success" time="0.348" /><testcase classname="tests.backend_test.TestAuth" name="test_login_wrong_password" time="0.272" /><testcase classname="tests.backend_test.TestAuth" name="test_me_requires_token" time="0.047" /><testcase classname="tests.backend_test.TestAuth" name="test_register_duplicate_email_rejected" time="0.046" /><testcase classname="tests.backend_test.TestExtraction" name="test_extract_text_whatsapp" time="9.346" /><testcase classname="tests.backend_test.TestOrders" name="test_list_and_get" time="8.857" /><testcase classname="tests.backend_test.TestOrders" name="test_update_order" time="0.094" /><testcase classname="tests.backend_test.TestOrders" name="test_validate_order" time="0.045" /><testcase classname="tests.backend_test.TestOrders" name="test_export_csv" time="0.101" /><testcase classname="tests.backend_test.TestOrders" name="test_export_json" time="0.047" /><testcase classname="tests.backend_test.TestCatalog" name="test_multi_tenant_isolation" time="0.435" /><testcase classname="tests.backend_test.TestCatalog" name="test_product_crud" time="0.232" /><testcase classname="tests.backend_test.TestDashboard" name="test_stats" time="0.047" /><testcase classname="tests.backend_test.TestExtraction" name="test_extract_csv_file" time="6.274" /><testcase classname="tests.backend_test.TestExtraction" name="test_extract_image_file" time="11.000" /></testsuite></testsuites>