<?xml version="1.0" encoding="utf-8"?><testsuites name="pytest tests"><testsuite name="pytest" errors="0" failures="0" skipped="0" tests="3" time="8.126" timestamp="2026-07-01T19:01:20.214171+00:00" hostname="agent-env-eecd0d6f-9afe-48b4-ad02-568b5b496598"><testcase classname="tests.test_pilot_and_voice.TestDemoSeed" name="test_dashboard_stats_has_seeded_orders" time="0.636" /><testcase classname="tests.test_pilot_and_voice.TestDemoSeed" name="test_orders_list_has_multiple_statuses" time="0.105" /><testcase classname="tests.test_pilot_and_voice.TestVoiceExtraction" name="test_extract_from_audio_wav" time="7.623" /></testsuite></testsuites>